[14:01:47:278] [INFO] - org.springframework.boot.StartupInfoLogger.logStarting(StartupInfoLogger.java:55) - Starting EbookApiApplication using Java 11.0.7 on CN2425008W1 with PID 23060 (C:\Users\PG797AK\Desktop\EY GDS OFFICE\product_pro\电子手册\code\cnbg-ebook\ebook-api\target\classes started by PG797AK in C:\Users\PG797AK\Desktop\EY GDS OFFICE\product_pro\电子手册\code\cnbg-ebook)
[14:01:47:293] [INFO] - org.springframework.boot.SpringApplication.logStartupProfileInfo(SpringApplication.java:664) - The following profiles are active: dev
[14:01:49:108] [INFO] - org.springframework.boot.web.embedded.tomcat.TomcatWebServer.initialize(TomcatWebServer.java:108) - Tomcat initialized with port(s): 8080 (http)
[14:01:49:118] [INFO] - org.apache.juli.logging.DirectJDKLog.log(DirectJDKLog.java:173) - Initializing ProtocolHandler ["http-nio-8080"]
[14:01:49:119] [INFO] - org.apache.juli.logging.DirectJDKLog.log(DirectJDKLog.java:173) - Starting service [Tomcat]
[14:01:49:120] [INFO] - org.apache.juli.logging.DirectJDKLog.log(DirectJDKLog.java:173) - Starting Servlet engine: [Apache Tomcat/9.0.41]
[14:01:49:468] [INFO] - org.apache.juli.logging.DirectJDKLog.log(DirectJDKLog.java:173) - Initializing Spring embedded WebApplicationContext
[14:01:49:469] [INFO] - org.springframework.boot.web.servlet.context.ServletWebServerApplicationContext.prepareWebApplicationContext(ServletWebServerApplicationContext.java:289) - Root WebApplicationContext: initialization completed in 2070 ms
[14:01:49:628] [INFO] - com.alibaba.druid.spring.boot.autoconfigure.DruidDataSourceAutoConfigure.dataSource(DruidDataSourceAutoConfigure.java:56) - Init DruidDataSource
[14:01:49:843] [INFO] - com.alibaba.druid.pool.DruidDataSource.init(DruidDataSource.java:983) - {dataSource-1} inited
[14:01:51:308] [INFO] - org.springframework.scheduling.concurrent.ExecutorConfigurationSupport.initialize(ExecutorConfigurationSupport.java:181) - Initializing ExecutorService 'applicationTaskExecutor'
[14:01:51:755] [INFO] - org.springframework.security.web.DefaultSecurityFilterChain.<init>(DefaultSecurityFilterChain.java:51) - Will secure any request with [org.springframework.security.web.context.request.async.WebAsyncManagerIntegrationFilter@7bbd76b8, org.springframework.security.web.context.SecurityContextPersistenceFilter@37f41a81, org.springframework.security.web.header.HeaderWriterFilter@6fa3def8, org.springframework.security.web.authentication.logout.LogoutFilter@1dcca426, com.cnbg.zs.ebook.api.security.JwtAuthenticationTokenFilter@54567b05, org.springframework.security.web.authentication.UsernamePasswordAuthenticationFilter@fd14789, org.springframework.security.web.authentication.ui.DefaultLoginPageGeneratingFilter@478089b6, org.springframework.security.web.authentication.ui.DefaultLogoutPageGeneratingFilter@2248d140, org.springframework.security.web.authentication.www.BasicAuthenticationFilter@4ed19b69, org.springframework.security.web.savedrequest.RequestCacheAwareFilter@681311a7, org.springframework.security.web.servletapi.SecurityContextHolderAwareRequestFilter@3eedd0e3, org.springframework.security.web.authentication.rememberme.RememberMeAuthenticationFilter@749ad37c, org.springframework.security.web.authentication.AnonymousAuthenticationFilter@37b238da, org.springframework.security.web.session.SessionManagementFilter@a1cb94, org.springframework.security.web.access.ExceptionTranslationFilter@5f33e6d, org.springframework.security.web.access.intercept.FilterSecurityInterceptor@23a78c77]
[14:01:51:809] [INFO] - org.apache.juli.logging.DirectJDKLog.log(DirectJDKLog.java:173) - Starting ProtocolHandler ["http-nio-8080"]
[14:01:51:837] [INFO] - org.springframework.boot.web.embedded.tomcat.TomcatWebServer.start(TomcatWebServer.java:220) - Tomcat started on port(s): 8080 (http) with context path ''
[14:01:51:848] [INFO] - org.springframework.boot.StartupInfoLogger.logStarted(StartupInfoLogger.java:61) - Started EbookApiApplication in 5.422 seconds (JVM running for 8.091)
[14:10:02:188] [INFO] - org.apache.juli.logging.DirectJDKLog.log(DirectJDKLog.java:173) - Initializing Spring DispatcherServlet 'dispatcherServlet'
[14:10:02:190] [INFO] - org.springframework.web.servlet.FrameworkServlet.initServletBean(FrameworkServlet.java:525) - Initializing Servlet 'dispatcherServlet'
[14:10:02:213] [INFO] - org.springframework.web.servlet.FrameworkServlet.initServletBean(FrameworkServlet.java:547) - Completed initialization in 23 ms
[14:11:09:924] [INFO] - org.springframework.boot.StartupInfoLogger.logStarting(StartupInfoLogger.java:55) - Starting EbookApiApplication using Java 11.0.7 on CN2425008W1 with PID 6992 (C:\Users\PG797AK\Desktop\EY GDS OFFICE\product_pro\电子手册\code\cnbg-ebook\ebook-api\target\classes started by PG797AK in C:\Users\PG797AK\Desktop\EY GDS OFFICE\product_pro\电子手册\code\cnbg-ebook)
[14:11:09:934] [INFO] - org.springframework.boot.SpringApplication.logStartupProfileInfo(SpringApplication.java:664) - The following profiles are active: dev
[14:11:11:851] [INFO] - org.springframework.boot.web.embedded.tomcat.TomcatWebServer.initialize(TomcatWebServer.java:108) - Tomcat initialized with port(s): 8080 (http)
[14:11:11:863] [INFO] - org.apache.juli.logging.DirectJDKLog.log(DirectJDKLog.java:173) - Initializing ProtocolHandler ["http-nio-8080"]
[14:11:11:865] [INFO] - org.apache.juli.logging.DirectJDKLog.log(DirectJDKLog.java:173) - Starting service [Tomcat]
[14:11:11:865] [INFO] - org.apache.juli.logging.DirectJDKLog.log(DirectJDKLog.java:173) - Starting Servlet engine: [Apache Tomcat/9.0.41]
[14:11:12:216] [INFO] - org.apache.juli.logging.DirectJDKLog.log(DirectJDKLog.java:173) - Initializing Spring embedded WebApplicationContext
[14:11:12:216] [INFO] - org.springframework.boot.web.servlet.context.ServletWebServerApplicationContext.prepareWebApplicationContext(ServletWebServerApplicationContext.java:289) - Root WebApplicationContext: initialization completed in 2186 ms
[14:11:12:368] [INFO] - com.alibaba.druid.spring.boot.autoconfigure.DruidDataSourceAutoConfigure.dataSource(DruidDataSourceAutoConfigure.java:56) - Init DruidDataSource
[14:11:12:568] [INFO] - com.alibaba.druid.pool.DruidDataSource.init(DruidDataSource.java:983) - {dataSource-1} inited
[14:11:13:951] [INFO] - org.springframework.scheduling.concurrent.ExecutorConfigurationSupport.initialize(ExecutorConfigurationSupport.java:181) - Initializing ExecutorService 'applicationTaskExecutor'
[14:11:50:190] [INFO] - org.springframework.security.web.DefaultSecurityFilterChain.<init>(DefaultSecurityFilterChain.java:51) - Will secure any request with [org.springframework.security.web.context.request.async.WebAsyncManagerIntegrationFilter@6106dfb6, org.springframework.security.web.context.SecurityContextPersistenceFilter@1ef93e01, org.springframework.security.web.header.HeaderWriterFilter@3ccfac29, org.springframework.security.web.authentication.logout.LogoutFilter@65e05005, com.cnbg.zs.ebook.api.security.JwtAuthenticationTokenFilter@71b26880, org.springframework.security.web.authentication.UsernamePasswordAuthenticationFilter@6550ce46, org.springframework.security.web.authentication.ui.DefaultLoginPageGeneratingFilter@70ecf57b, org.springframework.security.web.authentication.ui.DefaultLogoutPageGeneratingFilter@14239223, org.springframework.security.web.authentication.www.BasicAuthenticationFilter@28e48b65, org.springframework.security.web.savedrequest.RequestCacheAwareFilter@3a80c534, org.springframework.security.web.servletapi.SecurityContextHolderAwareRequestFilter@4e96cb04, org.springframework.security.web.authentication.rememberme.RememberMeAuthenticationFilter@1bb172dd, org.springframework.security.web.authentication.AnonymousAuthenticationFilter@68df8c6, org.springframework.security.web.session.SessionManagementFilter@77ea960f, org.springframework.security.web.access.ExceptionTranslationFilter@702b656a, org.springframework.security.web.access.intercept.FilterSecurityInterceptor@6282f1eb]
[14:11:50:254] [INFO] - org.apache.juli.logging.DirectJDKLog.log(DirectJDKLog.java:173) - Starting ProtocolHandler ["http-nio-8080"]
[14:11:50:317] [INFO] - org.springframework.boot.web.embedded.tomcat.TomcatWebServer.start(TomcatWebServer.java:220) - Tomcat started on port(s): 8080 (http) with context path ''
[14:11:50:331] [INFO] - org.springframework.boot.StartupInfoLogger.logStarted(StartupInfoLogger.java:61) - Started EbookApiApplication in 41.162 seconds (JVM running for 43.993)
[14:12:11:535] [INFO] - org.apache.juli.logging.DirectJDKLog.log(DirectJDKLog.java:173) - Initializing Spring DispatcherServlet 'dispatcherServlet'
[14:12:11:536] [INFO] - org.springframework.web.servlet.FrameworkServlet.initServletBean(FrameworkServlet.java:525) - Initializing Servlet 'dispatcherServlet'
[14:12:11:538] [INFO] - org.springframework.web.servlet.FrameworkServlet.initServletBean(FrameworkServlet.java:547) - Completed initialization in 2 ms
[14:14:18:589] [INFO] - org.springframework.boot.StartupInfoLogger.logStarting(StartupInfoLogger.java:55) - Starting EbookApiApplication using Java 11.0.7 on CN2425008W1 with PID 8876 (C:\Users\PG797AK\Desktop\EY GDS OFFICE\product_pro\电子手册\code\cnbg-ebook\ebook-api\target\classes started by PG797AK in C:\Users\PG797AK\Desktop\EY GDS OFFICE\product_pro\电子手册\code\cnbg-ebook)
[14:14:18:600] [INFO] - org.springframework.boot.SpringApplication.logStartupProfileInfo(SpringApplication.java:664) - The following profiles are active: dev
[14:14:20:402] [INFO] - org.springframework.boot.web.embedded.tomcat.TomcatWebServer.initialize(TomcatWebServer.java:108) - Tomcat initialized with port(s): 8080 (http)
[14:14:20:412] [INFO] - org.apache.juli.logging.DirectJDKLog.log(DirectJDKLog.java:173) - Initializing ProtocolHandler ["http-nio-8080"]
[14:14:20:413] [INFO] - org.apache.juli.logging.DirectJDKLog.log(DirectJDKLog.java:173) - Starting service [Tomcat]
[14:14:20:413] [INFO] - org.apache.juli.logging.DirectJDKLog.log(DirectJDKLog.java:173) - Starting Servlet engine: [Apache Tomcat/9.0.41]
[14:14:20:720] [INFO] - org.apache.juli.logging.DirectJDKLog.log(DirectJDKLog.java:173) - Initializing Spring embedded WebApplicationContext
[14:14:20:720] [INFO] - org.springframework.boot.web.servlet.context.ServletWebServerApplicationContext.prepareWebApplicationContext(ServletWebServerApplicationContext.java:289) - Root WebApplicationContext: initialization completed in 2023 ms
[14:14:20:880] [INFO] - com.alibaba.druid.spring.boot.autoconfigure.DruidDataSourceAutoConfigure.dataSource(DruidDataSourceAutoConfigure.java:56) - Init DruidDataSource
[14:14:21:073] [INFO] - com.alibaba.druid.pool.DruidDataSource.init(DruidDataSource.java:983) - {dataSource-1} inited
[14:14:22:559] [INFO] - org.springframework.scheduling.concurrent.ExecutorConfigurationSupport.initialize(ExecutorConfigurationSupport.java:181) - Initializing ExecutorService 'applicationTaskExecutor'
[14:14:34:882] [INFO] - org.springframework.security.web.DefaultSecurityFilterChain.<init>(DefaultSecurityFilterChain.java:51) - Will secure any request with [org.springframework.security.web.context.request.async.WebAsyncManagerIntegrationFilter@fd14789, org.springframework.security.web.context.SecurityContextPersistenceFilter@432a6a69, org.springframework.security.web.header.HeaderWriterFilter@6c1e40d9, org.springframework.security.web.authentication.logout.LogoutFilter@72f35a31, com.cnbg.zs.ebook.api.security.JwtAuthenticationTokenFilter@7103745, org.springframework.security.web.authentication.UsernamePasswordAuthenticationFilter@30e2016a, org.springframework.security.web.authentication.ui.DefaultLoginPageGeneratingFilter@68c4db77, org.springframework.security.web.authentication.ui.DefaultLogoutPageGeneratingFilter@3f64d943, org.springframework.security.web.authentication.www.BasicAuthenticationFilter@7a30e30b, org.springframework.security.web.savedrequest.RequestCacheAwareFilter@49bb808f, org.springframework.security.web.servletapi.SecurityContextHolderAwareRequestFilter@2c7375da, org.springframework.security.web.authentication.rememberme.RememberMeAuthenticationFilter@d0fabc8, org.springframework.security.web.authentication.AnonymousAuthenticationFilter@105ffc58, org.springframework.security.web.session.SessionManagementFilter@2e0fdc83, org.springframework.security.web.access.ExceptionTranslationFilter@3593e074, org.springframework.security.web.access.intercept.FilterSecurityInterceptor@430aae8e]
[14:14:34:936] [INFO] - org.apache.juli.logging.DirectJDKLog.log(DirectJDKLog.java:173) - Starting ProtocolHandler ["http-nio-8080"]
[14:14:34:965] [INFO] - org.springframework.boot.web.embedded.tomcat.TomcatWebServer.start(TomcatWebServer.java:220) - Tomcat started on port(s): 8080 (http) with context path ''
[14:14:34:976] [INFO] - org.springframework.boot.StartupInfoLogger.logStarted(StartupInfoLogger.java:61) - Started EbookApiApplication in 17.279 seconds (JVM running for 20.513)
[14:14:40:279] [INFO] - org.apache.juli.logging.DirectJDKLog.log(DirectJDKLog.java:173) - Initializing Spring DispatcherServlet 'dispatcherServlet'
[14:14:40:280] [INFO] - org.springframework.web.servlet.FrameworkServlet.initServletBean(FrameworkServlet.java:525) - Initializing Servlet 'dispatcherServlet'
[14:14:40:283] [INFO] - org.springframework.web.servlet.FrameworkServlet.initServletBean(FrameworkServlet.java:547) - Completed initialization in 3 ms
[14:29:34:222] [INFO] - org.springframework.boot.StartupInfoLogger.logStarting(StartupInfoLogger.java:55) - Starting EbookApiApplication using Java 11.0.7 on CN2425008W1 with PID 21704 (C:\Users\PG797AK\Desktop\EY GDS OFFICE\product_pro\电子手册\code\cnbg-ebook\ebook-api\target\classes started by PG797AK in C:\Users\PG797AK\Desktop\EY GDS OFFICE\product_pro\电子手册\code\cnbg-ebook)
[14:29:34:241] [INFO] - org.springframework.boot.SpringApplication.logStartupProfileInfo(SpringApplication.java:664) - The following profiles are active: dev
[14:29:36:464] [INFO] - org.springframework.boot.web.embedded.tomcat.TomcatWebServer.initialize(TomcatWebServer.java:108) - Tomcat initialized with port(s): 8080 (http)
[14:29:36:475] [INFO] - org.apache.juli.logging.DirectJDKLog.log(DirectJDKLog.java:173) - Initializing ProtocolHandler ["http-nio-8080"]
[14:29:36:476] [INFO] - org.apache.juli.logging.DirectJDKLog.log(DirectJDKLog.java:173) - Starting service [Tomcat]
[14:29:36:476] [INFO] - org.apache.juli.logging.DirectJDKLog.log(DirectJDKLog.java:173) - Starting Servlet engine: [Apache Tomcat/9.0.41]
[14:29:36:874] [INFO] - org.apache.juli.logging.DirectJDKLog.log(DirectJDKLog.java:173) - Initializing Spring embedded WebApplicationContext
[14:29:36:875] [INFO] - org.springframework.boot.web.servlet.context.ServletWebServerApplicationContext.prepareWebApplicationContext(ServletWebServerApplicationContext.java:289) - Root WebApplicationContext: initialization completed in 2467 ms
[14:29:37:044] [INFO] - com.alibaba.druid.spring.boot.autoconfigure.DruidDataSourceAutoConfigure.dataSource(DruidDataSourceAutoConfigure.java:56) - Init DruidDataSource
[14:29:37:438] [INFO] - com.alibaba.druid.pool.DruidDataSource.init(DruidDataSource.java:983) - {dataSource-1} inited
[14:29:39:268] [INFO] - org.springframework.scheduling.concurrent.ExecutorConfigurationSupport.initialize(ExecutorConfigurationSupport.java:181) - Initializing ExecutorService 'applicationTaskExecutor'
[14:29:44:111] [INFO] - org.springframework.security.web.DefaultSecurityFilterChain.<init>(DefaultSecurityFilterChain.java:51) - Will secure Ant [pattern='/api/login'] with []
[14:29:44:112] [INFO] - org.springframework.security.web.DefaultSecurityFilterChain.<init>(DefaultSecurityFilterChain.java:51) - Will secure Ant [pattern='/api/captcha'] with []
[14:29:44:112] [INFO] - org.springframework.security.web.DefaultSecurityFilterChain.<init>(DefaultSecurityFilterChain.java:51) - Will secure Ant [pattern='/api/logOut'] with []
[14:29:44:167] [INFO] - org.springframework.security.web.DefaultSecurityFilterChain.<init>(DefaultSecurityFilterChain.java:51) - Will secure any request with [org.springframework.security.web.context.request.async.WebAsyncManagerIntegrationFilter@1a66be41, org.springframework.security.web.context.SecurityContextPersistenceFilter@5f33e6d, org.springframework.security.web.header.HeaderWriterFilter@5dacf18d, org.springframework.security.web.authentication.logout.LogoutFilter@28b5d5dc, com.cnbg.zs.ebook.api.security.JwtAuthenticationTokenFilter@6df791a4, org.springframework.security.web.authentication.UsernamePasswordAuthenticationFilter@75f32817, org.springframework.security.web.authentication.ui.DefaultLoginPageGeneratingFilter@305881b8, org.springframework.security.web.authentication.ui.DefaultLogoutPageGeneratingFilter@7f70e244, org.springframework.security.web.authentication.www.BasicAuthenticationFilter@720c8f80, org.springframework.security.web.savedrequest.RequestCacheAwareFilter@156ff70f, org.springframework.security.web.servletapi.SecurityContextHolderAwareRequestFilter@7b2e931, org.springframework.security.web.authentication.rememberme.RememberMeAuthenticationFilter@12d44a2a, org.springframework.security.web.authentication.AnonymousAuthenticationFilter@fd14789, org.springframework.security.web.session.SessionManagementFilter@6f52a229, org.springframework.security.web.access.ExceptionTranslationFilter@4b50c21, org.springframework.security.web.access.intercept.FilterSecurityInterceptor@78504ce9]
[14:29:44:221] [INFO] - org.apache.juli.logging.DirectJDKLog.log(DirectJDKLog.java:173) - Starting ProtocolHandler ["http-nio-8080"]
[14:29:44:255] [INFO] - org.springframework.boot.web.embedded.tomcat.TomcatWebServer.start(TomcatWebServer.java:220) - Tomcat started on port(s): 8080 (http) with context path ''
[14:29:44:270] [INFO] - org.springframework.boot.StartupInfoLogger.logStarted(StartupInfoLogger.java:61) - Started EbookApiApplication in 11.22 seconds (JVM running for 15.564)
[14:30:02:140] [INFO] - org.apache.juli.logging.DirectJDKLog.log(DirectJDKLog.java:173) - Initializing Spring DispatcherServlet 'dispatcherServlet'
[14:30:02:141] [INFO] - org.springframework.web.servlet.FrameworkServlet.initServletBean(FrameworkServlet.java:525) - Initializing Servlet 'dispatcherServlet'
[14:30:02:144] [INFO] - org.springframework.web.servlet.FrameworkServlet.initServletBean(FrameworkServlet.java:547) - Completed initialization in 3 ms
[14:30:02:212] [INFO] - com.cnbg.zs.ebook.core.log.LogAspect.doMethodBefore(LogAspect.java:42) - 执行日志切面：doMethodBefore--方法执行前调用
[14:30:02:381] [INFO] - com.cnbg.zs.ebook.core.log.LogAspect.doMethodBefore(LogAspect.java:73) - -===============审计日志：路径:-=/api/captcha,参数-=:null,类-=:com.cnbg.zs.ebook.api.controller.CommonController,方法-=:captcha
[14:34:55:230] [INFO] - org.springframework.boot.StartupInfoLogger.logStarting(StartupInfoLogger.java:55) - Starting EbookApiApplication using Java 11.0.7 on CN2425008W1 with PID 22844 (C:\Users\PG797AK\Desktop\EY GDS OFFICE\product_pro\电子手册\code\cnbg-ebook\ebook-api\target\classes started by PG797AK in C:\Users\PG797AK\Desktop\EY GDS OFFICE\product_pro\电子手册\code\cnbg-ebook)
[14:34:55:241] [INFO] - org.springframework.boot.SpringApplication.logStartupProfileInfo(SpringApplication.java:664) - The following profiles are active: dev
[14:34:57:159] [INFO] - org.springframework.boot.web.embedded.tomcat.TomcatWebServer.initialize(TomcatWebServer.java:108) - Tomcat initialized with port(s): 8080 (http)
[14:34:57:188] [INFO] - org.apache.juli.logging.DirectJDKLog.log(DirectJDKLog.java:173) - Initializing ProtocolHandler ["http-nio-8080"]
[14:34:57:188] [INFO] - org.apache.juli.logging.DirectJDKLog.log(DirectJDKLog.java:173) - Starting service [Tomcat]
[14:34:57:188] [INFO] - org.apache.juli.logging.DirectJDKLog.log(DirectJDKLog.java:173) - Starting Servlet engine: [Apache Tomcat/9.0.41]
[14:34:57:487] [INFO] - org.apache.juli.logging.DirectJDKLog.log(DirectJDKLog.java:173) - Initializing Spring embedded WebApplicationContext
[14:34:57:488] [INFO] - org.springframework.boot.web.servlet.context.ServletWebServerApplicationContext.prepareWebApplicationContext(ServletWebServerApplicationContext.java:289) - Root WebApplicationContext: initialization completed in 2143 ms
[14:34:57:610] [INFO] - com.alibaba.druid.spring.boot.autoconfigure.DruidDataSourceAutoConfigure.dataSource(DruidDataSourceAutoConfigure.java:56) - Init DruidDataSource
[14:34:57:789] [INFO] - com.alibaba.druid.pool.DruidDataSource.init(DruidDataSource.java:983) - {dataSource-1} inited
[14:34:59:153] [INFO] - org.springframework.scheduling.concurrent.ExecutorConfigurationSupport.initialize(ExecutorConfigurationSupport.java:181) - Initializing ExecutorService 'applicationTaskExecutor'
[14:34:59:511] [INFO] - org.springframework.security.web.DefaultSecurityFilterChain.<init>(DefaultSecurityFilterChain.java:51) - Will secure Ant [pattern='/api/login'] with []
[14:34:59:511] [INFO] - org.springframework.security.web.DefaultSecurityFilterChain.<init>(DefaultSecurityFilterChain.java:51) - Will secure Ant [pattern='/api/captcha'] with []
[14:34:59:512] [INFO] - org.springframework.security.web.DefaultSecurityFilterChain.<init>(DefaultSecurityFilterChain.java:51) - Will secure Ant [pattern='/api/logOut'] with []
[14:34:59:569] [INFO] - org.springframework.security.web.DefaultSecurityFilterChain.<init>(DefaultSecurityFilterChain.java:51) - Will secure any request with [org.springframework.security.web.context.request.async.WebAsyncManagerIntegrationFilter@590dea35, org.springframework.security.web.context.SecurityContextPersistenceFilter@528f5b7f, org.springframework.security.web.header.HeaderWriterFilter@3a3316b6, org.springframework.security.web.authentication.logout.LogoutFilter@20f63ddc, com.cnbg.zs.ebook.api.security.JwtAuthenticationTokenFilter@6b3f4bd8, org.springframework.security.web.authentication.UsernamePasswordAuthenticationFilter@6282f1eb, org.springframework.security.web.authentication.ui.DefaultLoginPageGeneratingFilter@16f34376, org.springframework.security.web.authentication.ui.DefaultLogoutPageGeneratingFilter@6550ce46, org.springframework.security.web.authentication.www.BasicAuthenticationFilter@311d28f5, org.springframework.security.web.savedrequest.RequestCacheAwareFilter@39f4a7c4, org.springframework.security.web.servletapi.SecurityContextHolderAwareRequestFilter@39afe59f, org.springframework.security.web.authentication.rememberme.RememberMeAuthenticationFilter@1dfcf85a, org.springframework.security.web.authentication.AnonymousAuthenticationFilter@69f69078, org.springframework.security.web.session.SessionManagementFilter@56c6d515, org.springframework.security.web.access.ExceptionTranslationFilter@7d1cdeb1, org.springframework.security.web.access.intercept.FilterSecurityInterceptor@474ce6b8]
[14:34:59:627] [INFO] - org.apache.juli.logging.DirectJDKLog.log(DirectJDKLog.java:173) - Starting ProtocolHandler ["http-nio-8080"]
[14:34:59:655] [INFO] - org.springframework.boot.web.embedded.tomcat.TomcatWebServer.start(TomcatWebServer.java:220) - Tomcat started on port(s): 8080 (http) with context path ''
[14:34:59:666] [INFO] - org.springframework.boot.StartupInfoLogger.logStarted(StartupInfoLogger.java:61) - Started EbookApiApplication in 5.164 seconds (JVM running for 7.757)
[14:35:14:667] [INFO] - org.apache.juli.logging.DirectJDKLog.log(DirectJDKLog.java:173) - Initializing Spring DispatcherServlet 'dispatcherServlet'
[14:35:14:668] [INFO] - org.springframework.web.servlet.FrameworkServlet.initServletBean(FrameworkServlet.java:525) - Initializing Servlet 'dispatcherServlet'
[14:35:14:669] [INFO] - org.springframework.web.servlet.FrameworkServlet.initServletBean(FrameworkServlet.java:547) - Completed initialization in 1 ms
[14:35:14:736] [INFO] - com.cnbg.zs.ebook.core.log.LogAspect.doMethodBefore(LogAspect.java:42) - 执行日志切面：doMethodBefore--方法执行前调用
[14:35:14:741] [INFO] - com.cnbg.zs.ebook.core.log.LogAspect.doMethodBefore(LogAspect.java:73) - -===============审计日志：路径:-=/api/captcha,参数-=:null,类-=:com.cnbg.zs.ebook.api.controller.CommonController,方法-=:captcha
